<?xml version="1.0" encoding="UTF-8"?>
<!-- Generated by org.testng.reporters.JUnitReportReporter -->
<testsuite hostname="MSI" failures="0" tests="3" name="Testing.TestMethodClass.LoginTest" time="3.939" errors="0" timestamp="2024-08-13T13:12:37 GST" skipped="0">
  <testcase classname="Testing.TestMethodClass.LoginTest" name="testLogin" time="1.764"/>
  <testcase classname="Testing.TestMethodClass.LoginTest" name="dashbordlogin" time="1.741"/>
  <testcase classname="Testing.TestMethodClass.LoginTest" name="AdminSearch" time="0.434"/>
</testsuite> <!-- Testing.TestMethodClass.LoginTest -->
