<?xml version="1.0" encoding="UTF-8"?>
<!-- Generated by org.testng.reporters.JUnitReportReporter -->
<testsuite hostname="MSI" failures="0" tests="1" name="Testing.TestMethodClass.gitTest" time="0.011" errors="0" timestamp="2024-08-14T11:55:13 GST" skipped="0">
  <testcase classname="Testing.TestMethodClass.gitTest" name="gitTest1" time="0.011"/>
</testsuite> <!-- Testing.TestMethodClass.gitTest -->
